<?xml version="1.0" encoding="UTF-8"?>
<!-- Generated by org.testng.reporters.JUnitReportReporter -->
<testsuite hostname="DESKTOP-BADJCCG" name="test.TestFacebook" tests="1" failures="0" timestamp="30 Jun 2018 04:27:46 GMT" time="43.554" errors="0">
  <testcase name="TestFireFox" time="43.554" classname="test.TestFacebook"/>
</testsuite> <!-- test.TestFacebook -->
